<?xml version="1.0" encoding="UTF-8"?>
<!-- Generated by org.testng.reporters.JUnitReportReporter -->
<testsuite skipped="0" hostname="GGKU2SYS81" name="DockerSample.NewTest" tests="1" failures="0" timestamp="30 Oct 2019 13:54:13 GMT" time="0.028" errors="0">
  <testcase name="verifyHomepageTitle" time="0.028" classname="DockerSample.NewTest"/>
</testsuite> <!-- DockerSample.NewTest -->
