<?xml version="1.0" encoding="UTF-8"?>
<!-- Generated by org.testng.reporters.JUnitReportReporter -->
<testsuite skipped="0" hostname="GGKU2SYS81" name="DockerSample.SetUpGrid" tests="2" failures="0" timestamp="30 Oct 2019 13:45:07 GMT" time="21.546" errors="0">
  <testcase name="startGrid" time="15.102" classname="DockerSample.SetUpGrid"/>
  <testcase name="stopGrid" time="6.444" classname="DockerSample.SetUpGrid"/>
</testsuite> <!-- DockerSample.SetUpGrid -->
