<?xml version="1.0" encoding="UTF-8"?>
<!-- Generated by org.testng.reporters.JUnitReportReporter -->
<testsuite skipped="0" hostname="GGKU2SYS81" name="DockerSample.OrangeHrm" tests="1" failures="0" timestamp="30 Oct 2019 12:53:05 GMT" time="0.021" errors="0">
  <testcase name="verifyHomepageTitle" time="0.021" classname="DockerSample.OrangeHrm"/>
</testsuite> <!-- DockerSample.OrangeHrm -->
